2024-05-19 21:13:22,678 INFO: 
                ____                _       _____  ____
               / __ ) ____ _ _____ (_)_____/ ___/ / __ \
              / __  |/ __ `// ___// // ___/\__ \ / /_/ /
             / /_/ // /_/ /(__  )/ // /__ ___/ // _, _/
            /_____/ \__,_//____//_/ \___//____//_/ |_|
     ______                   __   __                 __      __
    / ____/____   ____   ____/ /  / /   __  __ _____ / /__   / /
   / / __ / __ \ / __ \ / __  /  / /   / / / // ___// //_/  / /
  / /_/ // /_/ // /_/ // /_/ /  / /___/ /_/ // /__ / /<    /_/
  \____/ \____/ \____/ \____/  /_____/\____/ \___//_/|_|  (_)
    
Version Information: 
	BasicSR: 1.3.5
	PyTorch: 2.3.0
	TorchVision: 0.18.0
2024-05-19 21:13:22,678 INFO: 
  name: MambaIR_SR_x2
  model_type: MambaIRModel
  scale: 2
  num_gpu: 8
  manual_seed: 10
  datasets:[
    train:[
      task: SR
      name: DF2K
      type: pan_dataset
      dataroot: ['/data/wv3/train_wv3.h5']
      filename_tmpl: {}x2
      io_backend:[
        type: disk
      ]
      gt_size: 128
      use_hflip: True
      use_rot: True
      use_shuffle: True
      num_worker_per_gpu: 32
      batch_size_per_gpu: 4
      dataset_enlarge_ratio: 100
      prefetch_mode: None
      phase: train
      scale: 2
    ]
    val:[
      name: Set14
      type: pan_dataset
      dataroot: /data/wv3/valid_wv3.h5
      filename_tmpl: {}x2
      io_backend:[
        type: disk
      ]
      phase: val
      scale: 2
    ]
  ]
  network_g:[
    type: MambaIR
    upscale: 2
    in_chans: 9
    out_chans: 8
    img_size: 64
    img_range: 1.0
    d_state: 16
    depths: [6, 6, 6, 6, 6, 6]
    embed_dim: 180
    mlp_ratio: 2
    upsampler: pixelshuffle
    resi_connection: 1conv
  ]
  path:[
    pretrain_network_g: /home/konmakansinpack/AI/project/MambaIR-main/experiments/net_g_20000.pth
    strict_load_g: True
    resume_state: None
    experiments_root: /home/konmakansinpack/AI/project/MambaIR-main/experiments/MambaIR_SR_x2
    models: /home/konmakansinpack/AI/project/MambaIR-main/experiments/MambaIR_SR_x2/models
    training_states: /home/konmakansinpack/AI/project/MambaIR-main/experiments/MambaIR_SR_x2/training_states
    log: /home/konmakansinpack/AI/project/MambaIR-main/experiments/MambaIR_SR_x2
    visualization: /home/konmakansinpack/AI/project/MambaIR-main/experiments/MambaIR_SR_x2/visualization
  ]
  train:[
    optim_g:[
      type: Adam
      lr: 0.0002
      weight_decay: 0
      betas: [0.9, 0.99]
    ]
    scheduler:[
      type: MultiStepLR
      milestones: [250000, 400000, 450000, 475000]
      gamma: 0.5
    ]
    total_iter: 500000
    warmup_iter: -1
    pixel_opt:[
      type: L1Loss
      loss_weight: 1.0
      reduction: mean
    ]
  ]
  val:[
    val_freq: 5000.0
    save_img: False
    metrics:[
      psnr:[
        type: calculate_psnr
        crop_border: 2
        test_y_channel: True
      ]
    ]
  ]
  logger:[
    print_freq: 200
    save_checkpoint_freq: 5000.0
    use_tb_logger: True
    wandb:[
      project: None
      resume_id: None
    ]
  ]
  dist_params:[
    backend: nccl
    port: 29500
  ]
  dist: False
  rank: 0
  world_size: 1
  auto_resume: False
  is_train: True
  root_path: /home/konmakansinpack/AI/project/MambaIR-main

2024-05-19 21:13:29,611 INFO: Network [MambaIR] is created.
2024-05-19 21:13:30,217 INFO: Loading MambaIR model from /home/konmakansinpack/AI/project/MambaIR-main/experiments/net_g_20000.pth, with param key: [params].
2024-05-19 21:13:30,260 INFO: Loss [L1Loss] is created.
2024-05-19 21:13:30,261 INFO: Model [MambaIRModel] is created.
2024-05-19 21:13:30,262 INFO: Start training from epoch: 0, iter: 0
